[debug] [2020-12-03T02:56:37.253Z] ----------------------------------------------------------------------
[debug] [2020-12-03T02:56:37.255Z] Command:       /usr/bin/node /usr/bin/firebase emulators:start
[debug] [2020-12-03T02:56:37.256Z] CLI Version:   8.6.0
[debug] [2020-12-03T02:56:37.256Z] Platform:      linux
[debug] [2020-12-03T02:56:37.256Z] Node Version:  v14.15.1
[debug] [2020-12-03T02:56:37.257Z] Time:          Thu Dec 03 2020 08:56:37 GMT+0600 (Bangladesh Standard Time)
[debug] [2020-12-03T02:56:37.257Z] ----------------------------------------------------------------------
[debug] [2020-12-03T02:56:37.257Z] 
[debug] [2020-12-03T02:56:37.293Z] > command requires scopes: ["email","openid","https://www.googleapis.com/auth/cloudplatformprojects.readonly","https://www.googleapis.com/auth/firebase","https://www.googleapis.com/auth/cloud-platform"]
[debug] [2020-12-03T02:56:37.293Z] > authorizing via signed-in user
[info] i  emulators: Starting emulators: functions, hosting {"metadata":{"emulator":{"name":"hub"},"message":"Starting emulators: functions, hosting"}}
[debug] [2020-12-03T02:56:37.400Z] [hub] writing locator at /tmp/hub-br-bookaholic.json
[debug] [2020-12-03T02:56:37.508Z] defaultcredentials: writing to file /home/azox/.config/firebase/mr926560_gmail_com_application_default_credentials.json
[debug] [2020-12-03T02:56:37.526Z] Setting GAC to /home/azox/.config/firebase/mr926560_gmail_com_application_default_credentials.json {"metadata":{"emulator":{"name":"functions"},"message":"Setting GAC to /home/azox/.config/firebase/mr926560_gmail_com_application_default_credentials.json"}}
[warn] ⚠  functions: The following emulators are not running, calls to these services from the Functions emulator will affect production: firestore, database, pubsub {"metadata":{"emulator":{"name":"functions"},"message":"The following emulators are not running, calls to these services from the Functions emulator will affect production: \u001b[1mfirestore, database, pubsub\u001b[22m"}}
[warn] ⚠  Your requested "node" version "10" doesn't match your global version "14" {"metadata":{"emulator":{"name":"functions"},"message":"Your requested \"node\" version \"10\" doesn't match your global version \"14\""}}
[debug] [2020-12-03T02:56:37.612Z] > refreshing access token with scopes: ["email","https://www.googleapis.com/auth/cloud-platform","https://www.googleapis.com/auth/cloudplatformprojects.readonly","https://www.googleapis.com/auth/firebase","openid"]
[debug] [2020-12-03T02:56:37.613Z] >>> HTTP REQUEST POST https://www.googleapis.com/oauth2/v3/token  
 <request body omitted>
[debug] [2020-12-03T02:56:38.003Z] <<< HTTP RESPONSE 200 {"date":"Thu, 03 Dec 2020 02:56:37 GMT","cache-control":"no-cache, no-store, max-age=0, must-revalidate","pragma":"no-cache","expires":"Mon, 01 Jan 1990 00:00:00 GMT","content-type":"application/json; charset=utf-8","vary":"X-Origin, Referer, Origin,Accept-Encoding","server":"scaffolding on HTTPServer2","x-xss-protection":"0","x-frame-options":"SAMEORIGIN","x-content-type-options":"nosniff","alt-svc":"h3-29=\":443\"; ma=2592000,h3-T051=\":443\"; ma=2592000,h3-Q050=\":443\"; ma=2592000,h3-Q046=\":443\"; ma=2592000,h3-Q043=\":443\"; ma=2592000,quic=\":443\"; ma=2592000; v=\"46,43\"","accept-ranges":"none","transfer-encoding":"chunked"}
[debug] [2020-12-03T02:56:38.046Z] >>> HTTP REQUEST GET https://firebase.googleapis.com/v1beta1/projects/br-bookaholic/webApps/-/config  
 
[debug] [2020-12-03T02:56:39.803Z] <<< HTTP RESPONSE 200 {"content-type":"application/json; charset=UTF-8","vary":"X-Origin, Referer, Origin,Accept-Encoding","date":"Thu, 03 Dec 2020 02:56:39 GMT","server":"ESF","cache-control":"private","x-xss-protection":"0","x-frame-options":"SAMEORIGIN","x-content-type-options":"nosniff","alt-svc":"h3-29=\":443\"; ma=2592000,h3-T051=\":443\"; ma=2592000,h3-Q050=\":443\"; ma=2592000,h3-Q046=\":443\"; ma=2592000,h3-Q043=\":443\"; ma=2592000,quic=\":443\"; ma=2592000; v=\"46,43\"","accept-ranges":"none","transfer-encoding":"chunked"}
[info] i  hosting: Serving hosting files from: build {"metadata":{"emulator":{"name":"hosting"},"message":"Serving hosting files from: \u001b[1mbuild\u001b[22m"}}
[info] ✔  hosting: Local server: http://localhost:5000 {"metadata":{"emulator":{"name":"hosting"},"message":"Local server: \u001b[4m\u001b[1mhttp://localhost:5000\u001b[22m\u001b[24m"}}
[debug] [2020-12-03T02:56:40.021Z] Ignoring unsupported arg: auto_download {"metadata":{"emulator":{"name":"ui"},"message":"Ignoring unsupported arg: auto_download"}}
[debug] [2020-12-03T02:56:40.022Z] Ignoring unsupported arg: port {"metadata":{"emulator":{"name":"ui"},"message":"Ignoring unsupported arg: port"}}
[debug] [2020-12-03T02:56:40.022Z] Starting Emulator UI with command {"binary":"node","args":["/home/azox/.cache/firebase/emulators/ui-v1.1.1/server.bundle.js"],"optionalArgs":[],"joinArgs":false} {"metadata":{"emulator":{"name":"ui"},"message":"Starting Emulator UI with command {\"binary\":\"node\",\"args\":[\"/home/azox/.cache/firebase/emulators/ui-v1.1.1/server.bundle.js\"],\"optionalArgs\":[],\"joinArgs\":false}"}}
[info] i  ui: Emulator UI logging to ui-debug.log {"metadata":{"emulator":{"name":"ui"},"message":"Emulator UI logging to \u001b[1mui-debug.log\u001b[22m"}}
[debug] [2020-12-03T02:56:40.245Z] Web / API server started at http://localhost:4000
 {"metadata":{"emulator":{"name":"ui"},"message":"Web / API server started at http://localhost:4000\n"}}
[info] i  functions: Watching "/media/azox/CodesAndProjects1/React/my-work/be-bookaholic/functions" for Cloud Functions... {"metadata":{"emulator":{"name":"functions"},"message":"Watching \"/media/azox/CodesAndProjects1/React/my-work/be-bookaholic/functions\" for Cloud Functions..."}}
[debug] [2020-12-03T02:56:40.307Z] [worker-pool] addWorker(~diagnostic~) {"metadata":{"emulator":{"name":"functions"},"message":"[worker-pool] addWorker(~diagnostic~)"}}
[debug] [2020-12-03T02:56:40.307Z] [worker-pool] Adding worker with key ~diagnostic~, total=1 {"metadata":{"emulator":{"name":"functions"},"message":"[worker-pool] Adding worker with key ~diagnostic~, total=1"}}
[debug] [2020-12-03T02:56:40.308Z] [worker-pool] submitWork(triggerId=) {"metadata":{"emulator":{"name":"functions"},"message":"[worker-pool] submitWork(triggerId=)"}}
[debug] [2020-12-03T02:56:40.308Z] [worker-~diagnostic~-5dae8306-4b6f-4319-98dc-b6861ed51596]: Assigning socketPath: /tmp/fire_emu_5106.sock {"metadata":{"emulator":{"name":"functions"},"message":"[worker-~diagnostic~-5dae8306-4b6f-4319-98dc-b6861ed51596]: Assigning socketPath: /tmp/fire_emu_5106.sock"}}
[debug] [2020-12-03T02:56:40.309Z] [worker-~diagnostic~-5dae8306-4b6f-4319-98dc-b6861ed51596]: BUSY {"metadata":{"emulator":{"name":"functions"},"message":"[worker-~diagnostic~-5dae8306-4b6f-4319-98dc-b6861ed51596]: BUSY"}}
[debug] [2020-12-03T02:56:41.488Z] [runtime-status] [5106] Functions runtime initialized. {"cwd":"/media/azox/CodesAndProjects1/React/my-work/be-bookaholic/functions","node_version":"14.15.1"} {"metadata":{"emulator":{"name":"functions"},"message":"[runtime-status] [5106] Functions runtime initialized. {\"cwd\":\"/media/azox/CodesAndProjects1/React/my-work/be-bookaholic/functions\",\"node_version\":\"14.15.1\"}"}}
[debug] [2020-12-03T02:56:41.497Z] [runtime-status] [5106] Disabled runtime features: undefined {"metadata":{"emulator":{"name":"functions"},"message":"[runtime-status] [5106] Disabled runtime features: undefined"}}
[debug] [2020-12-03T02:56:41.551Z] [runtime-status] [5106] Resolved module firebase-admin {"declared":true,"installed":true,"version":"8.13.0","resolution":"/media/azox/CodesAndProjects1/React/my-work/be-bookaholic/functions/node_modules/firebase-admin/lib/index.js"} {"metadata":{"emulator":{"name":"functions"},"message":"[runtime-status] [5106] Resolved module firebase-admin {\"declared\":true,\"installed\":true,\"version\":\"8.13.0\",\"resolution\":\"/media/azox/CodesAndProjects1/React/my-work/be-bookaholic/functions/node_modules/firebase-admin/lib/index.js\"}"}}
[debug] [2020-12-03T02:56:41.571Z] [runtime-status] [5106] Resolved module firebase-functions {"declared":true,"installed":true,"version":"3.12.0","resolution":"/media/azox/CodesAndProjects1/React/my-work/be-bookaholic/functions/node_modules/firebase-functions/lib/index.js"} {"metadata":{"emulator":{"name":"functions"},"message":"[runtime-status] [5106] Resolved module firebase-functions {\"declared\":true,\"installed\":true,\"version\":\"3.12.0\",\"resolution\":\"/media/azox/CodesAndProjects1/React/my-work/be-bookaholic/functions/node_modules/firebase-functions/lib/index.js\"}"}}
[debug] [2020-12-03T02:56:41.630Z] [runtime-status] [5106] Resolved module firebase-functions {"declared":true,"installed":true,"version":"3.12.0","resolution":"/media/azox/CodesAndProjects1/React/my-work/be-bookaholic/functions/node_modules/firebase-functions/lib/index.js"} {"metadata":{"emulator":{"name":"functions"},"message":"[runtime-status] [5106] Resolved module firebase-functions {\"declared\":true,\"installed\":true,\"version\":\"3.12.0\",\"resolution\":\"/media/azox/CodesAndProjects1/React/my-work/be-bookaholic/functions/node_modules/firebase-functions/lib/index.js\"}"}}
[debug] [2020-12-03T02:56:41.642Z] [runtime-status] [5106] Outgoing network have been stubbed. [{"name":"http","status":"mocked"},{"name":"http","status":"mocked"},{"name":"https","status":"mocked"},{"name":"https","status":"mocked"},{"name":"net","status":"mocked"}] {"metadata":{"emulator":{"name":"functions"},"message":"[runtime-status] [5106] Outgoing network have been stubbed. [{\"name\":\"http\",\"status\":\"mocked\"},{\"name\":\"http\",\"status\":\"mocked\"},{\"name\":\"https\",\"status\":\"mocked\"},{\"name\":\"https\",\"status\":\"mocked\"},{\"name\":\"net\",\"status\":\"mocked\"}]"}}
[debug] [2020-12-03T02:56:41.645Z] [runtime-status] [5106] Resolved module firebase-functions {"declared":true,"installed":true,"version":"3.12.0","resolution":"/media/azox/CodesAndProjects1/React/my-work/be-bookaholic/functions/node_modules/firebase-functions/lib/index.js"} {"metadata":{"emulator":{"name":"functions"},"message":"[runtime-status] [5106] Resolved module firebase-functions {\"declared\":true,\"installed\":true,\"version\":\"3.12.0\",\"resolution\":\"/media/azox/CodesAndProjects1/React/my-work/be-bookaholic/functions/node_modules/firebase-functions/lib/index.js\"}"}}
[debug] [2020-12-03T02:56:42.105Z] [runtime-status] [5106] Checked functions.config() {"config":{}} {"metadata":{"emulator":{"name":"functions"},"message":"[runtime-status] [5106] Checked functions.config() {\"config\":{}}"}}
[debug] [2020-12-03T02:56:42.106Z] [runtime-status] [5106] firebase-functions has been stubbed. {"functionsResolution":{"declared":true,"installed":true,"version":"3.12.0","resolution":"/media/azox/CodesAndProjects1/React/my-work/be-bookaholic/functions/node_modules/firebase-functions/lib/index.js"}} {"metadata":{"emulator":{"name":"functions"},"message":"[runtime-status] [5106] firebase-functions has been stubbed. {\"functionsResolution\":{\"declared\":true,\"installed\":true,\"version\":\"3.12.0\",\"resolution\":\"/media/azox/CodesAndProjects1/React/my-work/be-bookaholic/functions/node_modules/firebase-functions/lib/index.js\"}}"}}
[debug] [2020-12-03T02:56:42.108Z] [runtime-status] [5106] Resolved module firebase-functions {"declared":true,"installed":true,"version":"3.12.0","resolution":"/media/azox/CodesAndProjects1/React/my-work/be-bookaholic/functions/node_modules/firebase-functions/lib/index.js"} {"metadata":{"emulator":{"name":"functions"},"message":"[runtime-status] [5106] Resolved module firebase-functions {\"declared\":true,\"installed\":true,\"version\":\"3.12.0\",\"resolution\":\"/media/azox/CodesAndProjects1/React/my-work/be-bookaholic/functions/node_modules/firebase-functions/lib/index.js\"}"}}
[debug] [2020-12-03T02:56:42.110Z] [runtime-status] [5106] Resolved module firebase-admin {"declared":true,"installed":true,"version":"8.13.0","resolution":"/media/azox/CodesAndProjects1/React/my-work/be-bookaholic/functions/node_modules/firebase-admin/lib/index.js"} {"metadata":{"emulator":{"name":"functions"},"message":"[runtime-status] [5106] Resolved module firebase-admin {\"declared\":true,\"installed\":true,\"version\":\"8.13.0\",\"resolution\":\"/media/azox/CodesAndProjects1/React/my-work/be-bookaholic/functions/node_modules/firebase-admin/lib/index.js\"}"}}
[debug] [2020-12-03T02:56:42.111Z] [runtime-status] [5106] Resolved module firebase-functions {"declared":true,"installed":true,"version":"3.12.0","resolution":"/media/azox/CodesAndProjects1/React/my-work/be-bookaholic/functions/node_modules/firebase-functions/lib/index.js"} {"metadata":{"emulator":{"name":"functions"},"message":"[runtime-status] [5106] Resolved module firebase-functions {\"declared\":true,\"installed\":true,\"version\":\"3.12.0\",\"resolution\":\"/media/azox/CodesAndProjects1/React/my-work/be-bookaholic/functions/node_modules/firebase-functions/lib/index.js\"}"}}
[debug] [2020-12-03T02:56:42.112Z] [runtime-status] [5106] firebase-admin has been stubbed. {"adminResolution":{"declared":true,"installed":true,"version":"8.13.0","resolution":"/media/azox/CodesAndProjects1/React/my-work/be-bookaholic/functions/node_modules/firebase-admin/lib/index.js"}} {"metadata":{"emulator":{"name":"functions"},"message":"[runtime-status] [5106] firebase-admin has been stubbed. {\"adminResolution\":{\"declared\":true,\"installed\":true,\"version\":\"8.13.0\",\"resolution\":\"/media/azox/CodesAndProjects1/React/my-work/be-bookaholic/functions/node_modules/firebase-admin/lib/index.js\"}}"}}
[info] ✔  functions[api]: http function initialized (http://localhost:5001/br-bookaholic/us-central1/api). {"metadata":{"emulator":{"name":"functions"},"message":"\u001b[1mhttp\u001b[22m function initialized (http://localhost:5001/br-bookaholic/us-central1/api)."}}
[info] 
┌───────────────────────────────────────────────────────────────────────┐
│ ✔  All emulators ready! View status and logs at http://localhost:4000 │
└───────────────────────────────────────────────────────────────────────┘

┌───────────┬────────────────┬─────────────────────────────────┐
│ Emulator  │ Host:Port      │ View in Emulator UI             │
├───────────┼────────────────┼─────────────────────────────────┤
│ Functions │ localhost:5001 │ http://localhost:4000/functions │
├───────────┼────────────────┼─────────────────────────────────┤
│ Hosting   │ localhost:5000 │ n/a                             │
└───────────┴────────────────┴─────────────────────────────────┘
  Other reserved ports: 4400, 4500

Issues? Report them at https://github.com/firebase/firebase-tools/issues and attach the *-debug.log files.
 
[debug] [2020-12-03T02:56:44.953Z] [worker-~diagnostic~-5dae8306-4b6f-4319-98dc-b6861ed51596]: IDLE {"metadata":{"emulator":{"name":"functions"},"message":"[worker-~diagnostic~-5dae8306-4b6f-4319-98dc-b6861ed51596]: IDLE"}}
[debug] [2020-12-03T02:57:09.160Z] [work-queue] {"queueLength":1,"workRunningCount":0}
[debug] [2020-12-03T02:57:09.161Z] [work-queue] {"queueLength":0,"workRunningCount":1}
[debug] [2020-12-03T02:57:09.162Z] Accepted request POST /br-bookaholic/us-central1/api/payments/create?total=137360 --> api
[debug] [2020-12-03T02:57:09.171Z] [worker-pool] addWorker(api) {"metadata":{"emulator":{"name":"functions"},"message":"[worker-pool] addWorker(api)"}}
[debug] [2020-12-03T02:57:09.172Z] [worker-pool] Adding worker with key api, total=1 {"metadata":{"emulator":{"name":"functions"},"message":"[worker-pool] Adding worker with key api, total=1"}}
[debug] [2020-12-03T02:57:09.172Z] [worker-pool] submitWork(triggerId=api) {"metadata":{"emulator":{"name":"functions"},"message":"[worker-pool] submitWork(triggerId=api)"}}
[debug] [2020-12-03T02:57:09.173Z] [worker-api-a209f914-b47e-4999-abb4-f59759e346f9]: Assigning socketPath: /tmp/fire_emu_5128.sock {"metadata":{"emulator":{"name":"functions"},"message":"[worker-api-a209f914-b47e-4999-abb4-f59759e346f9]: Assigning socketPath: /tmp/fire_emu_5128.sock"}}
[debug] [2020-12-03T02:57:09.173Z] [worker-api-a209f914-b47e-4999-abb4-f59759e346f9]: BUSY {"metadata":{"emulator":{"name":"functions"},"message":"[worker-api-a209f914-b47e-4999-abb4-f59759e346f9]: BUSY"}}
[debug] [2020-12-03T02:57:09.502Z] [runtime-status] [5128] Functions runtime initialized. {"cwd":"/media/azox/CodesAndProjects1/React/my-work/be-bookaholic/functions","node_version":"14.15.1"} {"metadata":{"emulator":{"name":"functions"},"function":{"name":"api"},"message":"[runtime-status] [5128] Functions runtime initialized. {\"cwd\":\"/media/azox/CodesAndProjects1/React/my-work/be-bookaholic/functions\",\"node_version\":\"14.15.1\"}"}}
[debug] [2020-12-03T02:57:09.506Z] [runtime-status] [5128] Disabled runtime features: undefined {"metadata":{"emulator":{"name":"functions"},"function":{"name":"api"},"message":"[runtime-status] [5128] Disabled runtime features: undefined"}}
[debug] [2020-12-03T02:57:09.510Z] [runtime-status] [5128] Resolved module firebase-admin {"declared":true,"installed":true,"version":"8.13.0","resolution":"/media/azox/CodesAndProjects1/React/my-work/be-bookaholic/functions/node_modules/firebase-admin/lib/index.js"} {"metadata":{"emulator":{"name":"functions"},"function":{"name":"api"},"message":"[runtime-status] [5128] Resolved module firebase-admin {\"declared\":true,\"installed\":true,\"version\":\"8.13.0\",\"resolution\":\"/media/azox/CodesAndProjects1/React/my-work/be-bookaholic/functions/node_modules/firebase-admin/lib/index.js\"}"}}
[debug] [2020-12-03T02:57:09.511Z] [runtime-status] [5128] Resolved module firebase-functions {"declared":true,"installed":true,"version":"3.12.0","resolution":"/media/azox/CodesAndProjects1/React/my-work/be-bookaholic/functions/node_modules/firebase-functions/lib/index.js"} {"metadata":{"emulator":{"name":"functions"},"function":{"name":"api"},"message":"[runtime-status] [5128] Resolved module firebase-functions {\"declared\":true,\"installed\":true,\"version\":\"3.12.0\",\"resolution\":\"/media/azox/CodesAndProjects1/React/my-work/be-bookaholic/functions/node_modules/firebase-functions/lib/index.js\"}"}}
[debug] [2020-12-03T02:57:09.513Z] [runtime-status] [5128] Resolved module firebase-functions {"declared":true,"installed":true,"version":"3.12.0","resolution":"/media/azox/CodesAndProjects1/React/my-work/be-bookaholic/functions/node_modules/firebase-functions/lib/index.js"} {"metadata":{"emulator":{"name":"functions"},"function":{"name":"api"},"message":"[runtime-status] [5128] Resolved module firebase-functions {\"declared\":true,\"installed\":true,\"version\":\"3.12.0\",\"resolution\":\"/media/azox/CodesAndProjects1/React/my-work/be-bookaholic/functions/node_modules/firebase-functions/lib/index.js\"}"}}
[debug] [2020-12-03T02:57:09.523Z] [runtime-status] [5128] Outgoing network have been stubbed. [{"name":"http","status":"mocked"},{"name":"http","status":"mocked"},{"name":"https","status":"mocked"},{"name":"https","status":"mocked"},{"name":"net","status":"mocked"}] {"metadata":{"emulator":{"name":"functions"},"function":{"name":"api"},"message":"[runtime-status] [5128] Outgoing network have been stubbed. [{\"name\":\"http\",\"status\":\"mocked\"},{\"name\":\"http\",\"status\":\"mocked\"},{\"name\":\"https\",\"status\":\"mocked\"},{\"name\":\"https\",\"status\":\"mocked\"},{\"name\":\"net\",\"status\":\"mocked\"}]"}}
[debug] [2020-12-03T02:57:09.523Z] [runtime-status] [5128] Resolved module firebase-functions {"declared":true,"installed":true,"version":"3.12.0","resolution":"/media/azox/CodesAndProjects1/React/my-work/be-bookaholic/functions/node_modules/firebase-functions/lib/index.js"} {"metadata":{"emulator":{"name":"functions"},"function":{"name":"api"},"message":"[runtime-status] [5128] Resolved module firebase-functions {\"declared\":true,\"installed\":true,\"version\":\"3.12.0\",\"resolution\":\"/media/azox/CodesAndProjects1/React/my-work/be-bookaholic/functions/node_modules/firebase-functions/lib/index.js\"}"}}
[debug] [2020-12-03T02:57:09.584Z] [runtime-status] [5128] Checked functions.config() {"config":{}} {"metadata":{"emulator":{"name":"functions"},"function":{"name":"api"},"message":"[runtime-status] [5128] Checked functions.config() {\"config\":{}}"}}
[debug] [2020-12-03T02:57:09.585Z] [runtime-status] [5128] firebase-functions has been stubbed. {"functionsResolution":{"declared":true,"installed":true,"version":"3.12.0","resolution":"/media/azox/CodesAndProjects1/React/my-work/be-bookaholic/functions/node_modules/firebase-functions/lib/index.js"}} {"metadata":{"emulator":{"name":"functions"},"function":{"name":"api"},"message":"[runtime-status] [5128] firebase-functions has been stubbed. {\"functionsResolution\":{\"declared\":true,\"installed\":true,\"version\":\"3.12.0\",\"resolution\":\"/media/azox/CodesAndProjects1/React/my-work/be-bookaholic/functions/node_modules/firebase-functions/lib/index.js\"}}"}}
[debug] [2020-12-03T02:57:09.586Z] [runtime-status] [5128] Resolved module firebase-functions {"declared":true,"installed":true,"version":"3.12.0","resolution":"/media/azox/CodesAndProjects1/React/my-work/be-bookaholic/functions/node_modules/firebase-functions/lib/index.js"} {"metadata":{"emulator":{"name":"functions"},"function":{"name":"api"},"message":"[runtime-status] [5128] Resolved module firebase-functions {\"declared\":true,\"installed\":true,\"version\":\"3.12.0\",\"resolution\":\"/media/azox/CodesAndProjects1/React/my-work/be-bookaholic/functions/node_modules/firebase-functions/lib/index.js\"}"}}
[debug] [2020-12-03T02:57:09.587Z] [runtime-status] [5128] Resolved module firebase-admin {"declared":true,"installed":true,"version":"8.13.0","resolution":"/media/azox/CodesAndProjects1/React/my-work/be-bookaholic/functions/node_modules/firebase-admin/lib/index.js"} {"metadata":{"emulator":{"name":"functions"},"function":{"name":"api"},"message":"[runtime-status] [5128] Resolved module firebase-admin {\"declared\":true,\"installed\":true,\"version\":\"8.13.0\",\"resolution\":\"/media/azox/CodesAndProjects1/React/my-work/be-bookaholic/functions/node_modules/firebase-admin/lib/index.js\"}"}}
[debug] [2020-12-03T02:57:09.588Z] [runtime-status] [5128] Resolved module firebase-functions {"declared":true,"installed":true,"version":"3.12.0","resolution":"/media/azox/CodesAndProjects1/React/my-work/be-bookaholic/functions/node_modules/firebase-functions/lib/index.js"} {"metadata":{"emulator":{"name":"functions"},"function":{"name":"api"},"message":"[runtime-status] [5128] Resolved module firebase-functions {\"declared\":true,\"installed\":true,\"version\":\"3.12.0\",\"resolution\":\"/media/azox/CodesAndProjects1/React/my-work/be-bookaholic/functions/node_modules/firebase-functions/lib/index.js\"}"}}
[debug] [2020-12-03T02:57:09.589Z] [runtime-status] [5128] firebase-admin has been stubbed. {"adminResolution":{"declared":true,"installed":true,"version":"8.13.0","resolution":"/media/azox/CodesAndProjects1/React/my-work/be-bookaholic/functions/node_modules/firebase-admin/lib/index.js"}} {"metadata":{"emulator":{"name":"functions"},"function":{"name":"api"},"message":"[runtime-status] [5128] firebase-admin has been stubbed. {\"adminResolution\":{\"declared\":true,\"installed\":true,\"version\":\"8.13.0\",\"resolution\":\"/media/azox/CodesAndProjects1/React/my-work/be-bookaholic/functions/node_modules/firebase-admin/lib/index.js\"}}"}}
[debug] [2020-12-03T02:57:09.712Z] [runtime-status] [5128] Trigger "api" has been found, beginning invocation! {"metadata":{"emulator":{"name":"functions"},"function":{"name":"api"},"message":"[runtime-status] [5128] Trigger \"api\" has been found, beginning invocation!"}}
[info] i  functions: Beginning execution of "api" {"metadata":{"emulator":{"name":"functions"},"function":{"name":"api"},"message":"Beginning execution of \"api\""}}
[debug] [2020-12-03T02:57:09.714Z] [runtime-status] [5128] triggerDefinition {"httpsTrigger":{},"name":"api","entryPoint":"api"} {"metadata":{"emulator":{"name":"functions"},"function":{"name":"api"},"message":"[runtime-status] [5128] triggerDefinition {\"httpsTrigger\":{},\"name\":\"api\",\"entryPoint\":\"api\"}"}}
[debug] [2020-12-03T02:57:09.714Z] [runtime-status] [5128] Running api in mode HTTPS {"metadata":{"emulator":{"name":"functions"},"function":{"name":"api"},"message":"[runtime-status] [5128] Running api in mode HTTPS"}}
[debug] [2020-12-03T02:57:09.720Z] [runtime-status] [5128] Attempting to listen to socketPath: /tmp/fire_emu_5128.sock {"metadata":{"emulator":{"name":"functions"},"function":{"name":"api"},"message":"[runtime-status] [5128] Attempting to listen to socketPath: /tmp/fire_emu_5128.sock"}}
[debug] [2020-12-03T02:57:09.724Z] [functions] Runtime ready! Sending request! {"metadata":{"emulator":{"name":"functions"},"message":"[functions] Runtime ready! Sending request!"}}
[debug] [2020-12-03T02:57:09.735Z] [runtime-status] [5128] Ephemeral server handling POST request {"metadata":{"emulator":{"name":"functions"},"function":{"name":"api"},"message":"[runtime-status] [5128] Ephemeral server handling POST request"}}
[info] >  Payment request recieved  137360 {"user":"Payment request recieved  137360","metadata":{"emulator":{"name":"functions"},"function":{"name":"api"},"message":"\u001b[90m> \u001b[39m Payment request recieved  137360"}}
[debug] [2020-12-03T02:57:09.750Z] [runtime-status] [5128] Ephemeral server survived. {"metadata":{"emulator":{"name":"functions"},"function":{"name":"api"},"message":"[runtime-status] [5128] Ephemeral server survived."}}
[info] i  functions: Finished "api" in ~1s {"metadata":{"emulator":{"name":"functions"},"function":{"name":"api"},"message":"Finished \"api\" in ~1s"}}
[debug] [2020-12-03T02:57:10.843Z] [worker-api-a209f914-b47e-4999-abb4-f59759e346f9]: IDLE {"metadata":{"emulator":{"name":"functions"},"message":"[worker-api-a209f914-b47e-4999-abb4-f59759e346f9]: IDLE"}}
[debug] [2020-12-03T02:57:10.845Z] [work-queue] {"queueLength":0,"workRunningCount":0}
[debug] [2020-12-03T02:58:34.705Z] File /media/azox/CodesAndProjects1/React/my-work/be-bookaholic/functions/index.js changed, reloading triggers {"metadata":{"emulator":{"name":"functions"},"message":"File /media/azox/CodesAndProjects1/React/my-work/be-bookaholic/functions/index.js changed, reloading triggers"}}
[debug] [2020-12-03T02:58:35.706Z] [worker-pool] Shutting down IDLE worker (~diagnostic~) {"metadata":{"emulator":{"name":"functions"},"message":"[worker-pool] Shutting down IDLE worker (~diagnostic~)"}}
[debug] [2020-12-03T02:58:35.707Z] [worker-~diagnostic~-5dae8306-4b6f-4319-98dc-b6861ed51596]: FINISHING {"metadata":{"emulator":{"name":"functions"},"message":"[worker-~diagnostic~-5dae8306-4b6f-4319-98dc-b6861ed51596]: FINISHING"}}
[debug] [2020-12-03T02:58:35.709Z] [worker-pool] Shutting down IDLE worker (api) {"metadata":{"emulator":{"name":"functions"},"message":"[worker-pool] Shutting down IDLE worker (api)"}}
[debug] [2020-12-03T02:58:35.711Z] [worker-api-a209f914-b47e-4999-abb4-f59759e346f9]: FINISHING {"metadata":{"emulator":{"name":"functions"},"message":"[worker-api-a209f914-b47e-4999-abb4-f59759e346f9]: FINISHING"}}
[debug] [2020-12-03T02:58:35.738Z] [worker-pool] addWorker(~diagnostic~) {"metadata":{"emulator":{"name":"functions"},"message":"[worker-pool] addWorker(~diagnostic~)"}}
[debug] [2020-12-03T02:58:35.740Z] [worker-pool] Adding worker with key ~diagnostic~, total=2 {"metadata":{"emulator":{"name":"functions"},"message":"[worker-pool] Adding worker with key ~diagnostic~, total=2"}}
[debug] [2020-12-03T02:58:35.741Z] [worker-pool] submitWork(triggerId=) {"metadata":{"emulator":{"name":"functions"},"message":"[worker-pool] submitWork(triggerId=)"}}
[debug] [2020-12-03T02:58:35.742Z] [worker-~diagnostic~-a258d353-57da-4eed-a74e-a3071b3f2a2d]: Assigning socketPath: /tmp/fire_emu_5211.sock {"metadata":{"emulator":{"name":"functions"},"message":"[worker-~diagnostic~-a258d353-57da-4eed-a74e-a3071b3f2a2d]: Assigning socketPath: /tmp/fire_emu_5211.sock"}}
[debug] [2020-12-03T02:58:35.743Z] [worker-~diagnostic~-a258d353-57da-4eed-a74e-a3071b3f2a2d]: BUSY {"metadata":{"emulator":{"name":"functions"},"message":"[worker-~diagnostic~-a258d353-57da-4eed-a74e-a3071b3f2a2d]: BUSY"}}
[debug] [2020-12-03T02:58:35.757Z] [worker-~diagnostic~-5dae8306-4b6f-4319-98dc-b6861ed51596]: exited {"metadata":{"emulator":{"name":"functions"},"message":"[worker-~diagnostic~-5dae8306-4b6f-4319-98dc-b6861ed51596]: exited"}}
[debug] [2020-12-03T02:58:35.758Z] [worker-~diagnostic~-5dae8306-4b6f-4319-98dc-b6861ed51596]: FINISHED {"metadata":{"emulator":{"name":"functions"},"message":"[worker-~diagnostic~-5dae8306-4b6f-4319-98dc-b6861ed51596]: FINISHED"}}
[debug] [2020-12-03T02:58:35.759Z] [worker-api-a209f914-b47e-4999-abb4-f59759e346f9]: exited {"metadata":{"emulator":{"name":"functions"},"message":"[worker-api-a209f914-b47e-4999-abb4-f59759e346f9]: exited"}}
[debug] [2020-12-03T02:58:35.760Z] [worker-api-a209f914-b47e-4999-abb4-f59759e346f9]: FINISHED {"metadata":{"emulator":{"name":"functions"},"message":"[worker-api-a209f914-b47e-4999-abb4-f59759e346f9]: FINISHED"}}
[debug] [2020-12-03T02:58:36.184Z] [runtime-status] [5211] Functions runtime initialized. {"cwd":"/media/azox/CodesAndProjects1/React/my-work/be-bookaholic/functions","node_version":"14.15.1"} {"metadata":{"emulator":{"name":"functions"},"message":"[runtime-status] [5211] Functions runtime initialized. {\"cwd\":\"/media/azox/CodesAndProjects1/React/my-work/be-bookaholic/functions\",\"node_version\":\"14.15.1\"}"}}
[debug] [2020-12-03T02:58:36.188Z] [runtime-status] [5211] Disabled runtime features: undefined {"metadata":{"emulator":{"name":"functions"},"message":"[runtime-status] [5211] Disabled runtime features: undefined"}}
[debug] [2020-12-03T02:58:36.191Z] [runtime-status] [5211] Resolved module firebase-admin {"declared":true,"installed":true,"version":"8.13.0","resolution":"/media/azox/CodesAndProjects1/React/my-work/be-bookaholic/functions/node_modules/firebase-admin/lib/index.js"} {"metadata":{"emulator":{"name":"functions"},"message":"[runtime-status] [5211] Resolved module firebase-admin {\"declared\":true,\"installed\":true,\"version\":\"8.13.0\",\"resolution\":\"/media/azox/CodesAndProjects1/React/my-work/be-bookaholic/functions/node_modules/firebase-admin/lib/index.js\"}"}}
[debug] [2020-12-03T02:58:36.195Z] [runtime-status] [5211] Resolved module firebase-functions {"declared":true,"installed":true,"version":"3.12.0","resolution":"/media/azox/CodesAndProjects1/React/my-work/be-bookaholic/functions/node_modules/firebase-functions/lib/index.js"} {"metadata":{"emulator":{"name":"functions"},"message":"[runtime-status] [5211] Resolved module firebase-functions {\"declared\":true,\"installed\":true,\"version\":\"3.12.0\",\"resolution\":\"/media/azox/CodesAndProjects1/React/my-work/be-bookaholic/functions/node_modules/firebase-functions/lib/index.js\"}"}}
[debug] [2020-12-03T02:58:36.197Z] [runtime-status] [5211] Resolved module firebase-functions {"declared":true,"installed":true,"version":"3.12.0","resolution":"/media/azox/CodesAndProjects1/React/my-work/be-bookaholic/functions/node_modules/firebase-functions/lib/index.js"} {"metadata":{"emulator":{"name":"functions"},"message":"[runtime-status] [5211] Resolved module firebase-functions {\"declared\":true,\"installed\":true,\"version\":\"3.12.0\",\"resolution\":\"/media/azox/CodesAndProjects1/React/my-work/be-bookaholic/functions/node_modules/firebase-functions/lib/index.js\"}"}}
[debug] [2020-12-03T02:58:36.201Z] [runtime-status] [5211] Outgoing network have been stubbed. [{"name":"http","status":"mocked"},{"name":"http","status":"mocked"},{"name":"https","status":"mocked"},{"name":"https","status":"mocked"},{"name":"net","status":"mocked"}] {"metadata":{"emulator":{"name":"functions"},"message":"[runtime-status] [5211] Outgoing network have been stubbed. [{\"name\":\"http\",\"status\":\"mocked\"},{\"name\":\"http\",\"status\":\"mocked\"},{\"name\":\"https\",\"status\":\"mocked\"},{\"name\":\"https\",\"status\":\"mocked\"},{\"name\":\"net\",\"status\":\"mocked\"}]"}}
[debug] [2020-12-03T02:58:36.202Z] [runtime-status] [5211] Resolved module firebase-functions {"declared":true,"installed":true,"version":"3.12.0","resolution":"/media/azox/CodesAndProjects1/React/my-work/be-bookaholic/functions/node_modules/firebase-functions/lib/index.js"} {"metadata":{"emulator":{"name":"functions"},"message":"[runtime-status] [5211] Resolved module firebase-functions {\"declared\":true,\"installed\":true,\"version\":\"3.12.0\",\"resolution\":\"/media/azox/CodesAndProjects1/React/my-work/be-bookaholic/functions/node_modules/firebase-functions/lib/index.js\"}"}}
[debug] [2020-12-03T02:58:36.265Z] [runtime-status] [5211] Checked functions.config() {"config":{}} {"metadata":{"emulator":{"name":"functions"},"message":"[runtime-status] [5211] Checked functions.config() {\"config\":{}}"}}
[debug] [2020-12-03T02:58:36.265Z] [runtime-status] [5211] firebase-functions has been stubbed. {"functionsResolution":{"declared":true,"installed":true,"version":"3.12.0","resolution":"/media/azox/CodesAndProjects1/React/my-work/be-bookaholic/functions/node_modules/firebase-functions/lib/index.js"}} {"metadata":{"emulator":{"name":"functions"},"message":"[runtime-status] [5211] firebase-functions has been stubbed. {\"functionsResolution\":{\"declared\":true,\"installed\":true,\"version\":\"3.12.0\",\"resolution\":\"/media/azox/CodesAndProjects1/React/my-work/be-bookaholic/functions/node_modules/firebase-functions/lib/index.js\"}}"}}
[debug] [2020-12-03T02:58:36.266Z] [runtime-status] [5211] Resolved module firebase-functions {"declared":true,"installed":true,"version":"3.12.0","resolution":"/media/azox/CodesAndProjects1/React/my-work/be-bookaholic/functions/node_modules/firebase-functions/lib/index.js"} {"metadata":{"emulator":{"name":"functions"},"message":"[runtime-status] [5211] Resolved module firebase-functions {\"declared\":true,\"installed\":true,\"version\":\"3.12.0\",\"resolution\":\"/media/azox/CodesAndProjects1/React/my-work/be-bookaholic/functions/node_modules/firebase-functions/lib/index.js\"}"}}
[debug] [2020-12-03T02:58:36.268Z] [runtime-status] [5211] Resolved module firebase-admin {"declared":true,"installed":true,"version":"8.13.0","resolution":"/media/azox/CodesAndProjects1/React/my-work/be-bookaholic/functions/node_modules/firebase-admin/lib/index.js"} {"metadata":{"emulator":{"name":"functions"},"message":"[runtime-status] [5211] Resolved module firebase-admin {\"declared\":true,\"installed\":true,\"version\":\"8.13.0\",\"resolution\":\"/media/azox/CodesAndProjects1/React/my-work/be-bookaholic/functions/node_modules/firebase-admin/lib/index.js\"}"}}
[debug] [2020-12-03T02:58:36.269Z] [runtime-status] [5211] Resolved module firebase-functions {"declared":true,"installed":true,"version":"3.12.0","resolution":"/media/azox/CodesAndProjects1/React/my-work/be-bookaholic/functions/node_modules/firebase-functions/lib/index.js"} {"metadata":{"emulator":{"name":"functions"},"message":"[runtime-status] [5211] Resolved module firebase-functions {\"declared\":true,\"installed\":true,\"version\":\"3.12.0\",\"resolution\":\"/media/azox/CodesAndProjects1/React/my-work/be-bookaholic/functions/node_modules/firebase-functions/lib/index.js\"}"}}
[debug] [2020-12-03T02:58:36.269Z] [runtime-status] [5211] firebase-admin has been stubbed. {"adminResolution":{"declared":true,"installed":true,"version":"8.13.0","resolution":"/media/azox/CodesAndProjects1/React/my-work/be-bookaholic/functions/node_modules/firebase-admin/lib/index.js"}} {"metadata":{"emulator":{"name":"functions"},"message":"[runtime-status] [5211] firebase-admin has been stubbed. {\"adminResolution\":{\"declared\":true,\"installed\":true,\"version\":\"8.13.0\",\"resolution\":\"/media/azox/CodesAndProjects1/React/my-work/be-bookaholic/functions/node_modules/firebase-admin/lib/index.js\"}}"}}
[debug] [2020-12-03T02:58:36.404Z] [worker-~diagnostic~-a258d353-57da-4eed-a74e-a3071b3f2a2d]: IDLE {"metadata":{"emulator":{"name":"functions"},"message":"[worker-~diagnostic~-a258d353-57da-4eed-a74e-a3071b3f2a2d]: IDLE"}}
[debug] [2020-12-03T02:59:14.280Z] [work-queue] {"queueLength":1,"workRunningCount":0}
[debug] [2020-12-03T02:59:14.282Z] [work-queue] {"queueLength":0,"workRunningCount":1}
[debug] [2020-12-03T02:59:14.283Z] Accepted request POST /br-bookaholic/us-central1/api/payments/create?total=98800 --> api
[debug] [2020-12-03T02:59:14.284Z] [worker-pool] Cleaned up workers for ~diagnostic~: 2 --> 1 {"metadata":{"emulator":{"name":"functions"},"message":"[worker-pool] Cleaned up workers for ~diagnostic~: 2 --> 1"}}
[debug] [2020-12-03T02:59:14.285Z] [worker-pool] Cleaned up workers for api: 1 --> 0 {"metadata":{"emulator":{"name":"functions"},"message":"[worker-pool] Cleaned up workers for api: 1 --> 0"}}
[debug] [2020-12-03T02:59:14.469Z] [worker-pool] addWorker(api) {"metadata":{"emulator":{"name":"functions"},"message":"[worker-pool] addWorker(api)"}}
[debug] [2020-12-03T02:59:14.470Z] [worker-pool] Adding worker with key api, total=1 {"metadata":{"emulator":{"name":"functions"},"message":"[worker-pool] Adding worker with key api, total=1"}}
[debug] [2020-12-03T02:59:14.470Z] [worker-pool] submitWork(triggerId=api) {"metadata":{"emulator":{"name":"functions"},"message":"[worker-pool] submitWork(triggerId=api)"}}
[debug] [2020-12-03T02:59:14.471Z] [worker-api-9d42451c-12a6-49ab-a822-d34a2e9d9559]: Assigning socketPath: /tmp/fire_emu_5280.sock {"metadata":{"emulator":{"name":"functions"},"message":"[worker-api-9d42451c-12a6-49ab-a822-d34a2e9d9559]: Assigning socketPath: /tmp/fire_emu_5280.sock"}}
[debug] [2020-12-03T02:59:14.472Z] [worker-api-9d42451c-12a6-49ab-a822-d34a2e9d9559]: BUSY {"metadata":{"emulator":{"name":"functions"},"message":"[worker-api-9d42451c-12a6-49ab-a822-d34a2e9d9559]: BUSY"}}
[debug] [2020-12-03T02:59:15.301Z] [runtime-status] [5280] Functions runtime initialized. {"cwd":"/media/azox/CodesAndProjects1/React/my-work/be-bookaholic/functions","node_version":"14.15.1"} {"metadata":{"emulator":{"name":"functions"},"function":{"name":"api"},"message":"[runtime-status] [5280] Functions runtime initialized. {\"cwd\":\"/media/azox/CodesAndProjects1/React/my-work/be-bookaholic/functions\",\"node_version\":\"14.15.1\"}"}}
[debug] [2020-12-03T02:59:15.307Z] [runtime-status] [5280] Disabled runtime features: undefined {"metadata":{"emulator":{"name":"functions"},"function":{"name":"api"},"message":"[runtime-status] [5280] Disabled runtime features: undefined"}}
[debug] [2020-12-03T02:59:15.311Z] [runtime-status] [5280] Resolved module firebase-admin {"declared":true,"installed":true,"version":"8.13.0","resolution":"/media/azox/CodesAndProjects1/React/my-work/be-bookaholic/functions/node_modules/firebase-admin/lib/index.js"} {"metadata":{"emulator":{"name":"functions"},"function":{"name":"api"},"message":"[runtime-status] [5280] Resolved module firebase-admin {\"declared\":true,\"installed\":true,\"version\":\"8.13.0\",\"resolution\":\"/media/azox/CodesAndProjects1/React/my-work/be-bookaholic/functions/node_modules/firebase-admin/lib/index.js\"}"}}
[debug] [2020-12-03T02:59:15.314Z] [runtime-status] [5280] Resolved module firebase-functions {"declared":true,"installed":true,"version":"3.12.0","resolution":"/media/azox/CodesAndProjects1/React/my-work/be-bookaholic/functions/node_modules/firebase-functions/lib/index.js"} {"metadata":{"emulator":{"name":"functions"},"function":{"name":"api"},"message":"[runtime-status] [5280] Resolved module firebase-functions {\"declared\":true,\"installed\":true,\"version\":\"3.12.0\",\"resolution\":\"/media/azox/CodesAndProjects1/React/my-work/be-bookaholic/functions/node_modules/firebase-functions/lib/index.js\"}"}}
[debug] [2020-12-03T02:59:15.315Z] [runtime-status] [5280] Resolved module firebase-functions {"declared":true,"installed":true,"version":"3.12.0","resolution":"/media/azox/CodesAndProjects1/React/my-work/be-bookaholic/functions/node_modules/firebase-functions/lib/index.js"} {"metadata":{"emulator":{"name":"functions"},"function":{"name":"api"},"message":"[runtime-status] [5280] Resolved module firebase-functions {\"declared\":true,\"installed\":true,\"version\":\"3.12.0\",\"resolution\":\"/media/azox/CodesAndProjects1/React/my-work/be-bookaholic/functions/node_modules/firebase-functions/lib/index.js\"}"}}
[debug] [2020-12-03T02:59:15.320Z] [runtime-status] [5280] Outgoing network have been stubbed. [{"name":"http","status":"mocked"},{"name":"http","status":"mocked"},{"name":"https","status":"mocked"},{"name":"https","status":"mocked"},{"name":"net","status":"mocked"}] {"metadata":{"emulator":{"name":"functions"},"function":{"name":"api"},"message":"[runtime-status] [5280] Outgoing network have been stubbed. [{\"name\":\"http\",\"status\":\"mocked\"},{\"name\":\"http\",\"status\":\"mocked\"},{\"name\":\"https\",\"status\":\"mocked\"},{\"name\":\"https\",\"status\":\"mocked\"},{\"name\":\"net\",\"status\":\"mocked\"}]"}}
[debug] [2020-12-03T02:59:15.322Z] [runtime-status] [5280] Resolved module firebase-functions {"declared":true,"installed":true,"version":"3.12.0","resolution":"/media/azox/CodesAndProjects1/React/my-work/be-bookaholic/functions/node_modules/firebase-functions/lib/index.js"} {"metadata":{"emulator":{"name":"functions"},"function":{"name":"api"},"message":"[runtime-status] [5280] Resolved module firebase-functions {\"declared\":true,\"installed\":true,\"version\":\"3.12.0\",\"resolution\":\"/media/azox/CodesAndProjects1/React/my-work/be-bookaholic/functions/node_modules/firebase-functions/lib/index.js\"}"}}
[debug] [2020-12-03T02:59:15.393Z] [runtime-status] [5280] Checked functions.config() {"config":{}} {"metadata":{"emulator":{"name":"functions"},"function":{"name":"api"},"message":"[runtime-status] [5280] Checked functions.config() {\"config\":{}}"}}
[debug] [2020-12-03T02:59:15.394Z] [runtime-status] [5280] firebase-functions has been stubbed. {"functionsResolution":{"declared":true,"installed":true,"version":"3.12.0","resolution":"/media/azox/CodesAndProjects1/React/my-work/be-bookaholic/functions/node_modules/firebase-functions/lib/index.js"}} {"metadata":{"emulator":{"name":"functions"},"function":{"name":"api"},"message":"[runtime-status] [5280] firebase-functions has been stubbed. {\"functionsResolution\":{\"declared\":true,\"installed\":true,\"version\":\"3.12.0\",\"resolution\":\"/media/azox/CodesAndProjects1/React/my-work/be-bookaholic/functions/node_modules/firebase-functions/lib/index.js\"}}"}}
[debug] [2020-12-03T02:59:15.395Z] [runtime-status] [5280] Resolved module firebase-functions {"declared":true,"installed":true,"version":"3.12.0","resolution":"/media/azox/CodesAndProjects1/React/my-work/be-bookaholic/functions/node_modules/firebase-functions/lib/index.js"} {"metadata":{"emulator":{"name":"functions"},"function":{"name":"api"},"message":"[runtime-status] [5280] Resolved module firebase-functions {\"declared\":true,\"installed\":true,\"version\":\"3.12.0\",\"resolution\":\"/media/azox/CodesAndProjects1/React/my-work/be-bookaholic/functions/node_modules/firebase-functions/lib/index.js\"}"}}
[debug] [2020-12-03T02:59:15.396Z] [runtime-status] [5280] Resolved module firebase-admin {"declared":true,"installed":true,"version":"8.13.0","resolution":"/media/azox/CodesAndProjects1/React/my-work/be-bookaholic/functions/node_modules/firebase-admin/lib/index.js"} {"metadata":{"emulator":{"name":"functions"},"function":{"name":"api"},"message":"[runtime-status] [5280] Resolved module firebase-admin {\"declared\":true,\"installed\":true,\"version\":\"8.13.0\",\"resolution\":\"/media/azox/CodesAndProjects1/React/my-work/be-bookaholic/functions/node_modules/firebase-admin/lib/index.js\"}"}}
[debug] [2020-12-03T02:59:15.397Z] [runtime-status] [5280] Resolved module firebase-functions {"declared":true,"installed":true,"version":"3.12.0","resolution":"/media/azox/CodesAndProjects1/React/my-work/be-bookaholic/functions/node_modules/firebase-functions/lib/index.js"} {"metadata":{"emulator":{"name":"functions"},"function":{"name":"api"},"message":"[runtime-status] [5280] Resolved module firebase-functions {\"declared\":true,\"installed\":true,\"version\":\"3.12.0\",\"resolution\":\"/media/azox/CodesAndProjects1/React/my-work/be-bookaholic/functions/node_modules/firebase-functions/lib/index.js\"}"}}
[debug] [2020-12-03T02:59:15.398Z] [runtime-status] [5280] firebase-admin has been stubbed. {"adminResolution":{"declared":true,"installed":true,"version":"8.13.0","resolution":"/media/azox/CodesAndProjects1/React/my-work/be-bookaholic/functions/node_modules/firebase-admin/lib/index.js"}} {"metadata":{"emulator":{"name":"functions"},"function":{"name":"api"},"message":"[runtime-status] [5280] firebase-admin has been stubbed. {\"adminResolution\":{\"declared\":true,\"installed\":true,\"version\":\"8.13.0\",\"resolution\":\"/media/azox/CodesAndProjects1/React/my-work/be-bookaholic/functions/node_modules/firebase-admin/lib/index.js\"}}"}}
[debug] [2020-12-03T02:59:15.521Z] [runtime-status] [5280] Trigger "api" has been found, beginning invocation! {"metadata":{"emulator":{"name":"functions"},"function":{"name":"api"},"message":"[runtime-status] [5280] Trigger \"api\" has been found, beginning invocation!"}}
[info] i  functions: Beginning execution of "api" {"metadata":{"emulator":{"name":"functions"},"function":{"name":"api"},"message":"Beginning execution of \"api\""}}
[debug] [2020-12-03T02:59:15.526Z] [runtime-status] [5280] triggerDefinition {"httpsTrigger":{},"name":"api","entryPoint":"api"} {"metadata":{"emulator":{"name":"functions"},"function":{"name":"api"},"message":"[runtime-status] [5280] triggerDefinition {\"httpsTrigger\":{},\"name\":\"api\",\"entryPoint\":\"api\"}"}}
[debug] [2020-12-03T02:59:15.526Z] [runtime-status] [5280] Running api in mode HTTPS {"metadata":{"emulator":{"name":"functions"},"function":{"name":"api"},"message":"[runtime-status] [5280] Running api in mode HTTPS"}}
[debug] [2020-12-03T02:59:15.530Z] [runtime-status] [5280] Attempting to listen to socketPath: /tmp/fire_emu_5280.sock {"metadata":{"emulator":{"name":"functions"},"function":{"name":"api"},"message":"[runtime-status] [5280] Attempting to listen to socketPath: /tmp/fire_emu_5280.sock"}}
[debug] [2020-12-03T02:59:15.680Z] [functions] Runtime ready! Sending request! {"metadata":{"emulator":{"name":"functions"},"message":"[functions] Runtime ready! Sending request!"}}
[debug] [2020-12-03T02:59:15.720Z] [runtime-status] [5280] Ephemeral server handling POST request {"metadata":{"emulator":{"name":"functions"},"function":{"name":"api"},"message":"[runtime-status] [5280] Ephemeral server handling POST request"}}
[info] >  Payment request recieved  9880050 {"user":"Payment request recieved  9880050","metadata":{"emulator":{"name":"functions"},"function":{"name":"api"},"message":"\u001b[90m> \u001b[39m Payment request recieved  9880050"}}
[debug] [2020-12-03T02:59:15.766Z] [runtime-status] [5280] Ephemeral server survived. {"metadata":{"emulator":{"name":"functions"},"function":{"name":"api"},"message":"[runtime-status] [5280] Ephemeral server survived."}}
[info] i  functions: Finished "api" in ~2s {"metadata":{"emulator":{"name":"functions"},"function":{"name":"api"},"message":"Finished \"api\" in ~2s"}}
[debug] [2020-12-03T02:59:17.901Z] [worker-api-9d42451c-12a6-49ab-a822-d34a2e9d9559]: IDLE {"metadata":{"emulator":{"name":"functions"},"message":"[worker-api-9d42451c-12a6-49ab-a822-d34a2e9d9559]: IDLE"}}
[debug] [2020-12-03T02:59:17.902Z] [work-queue] {"queueLength":0,"workRunningCount":0}
[debug] [2020-12-03T02:59:58.029Z] File /media/azox/CodesAndProjects1/React/my-work/be-bookaholic/functions/index.js changed, reloading triggers {"metadata":{"emulator":{"name":"functions"},"message":"File /media/azox/CodesAndProjects1/React/my-work/be-bookaholic/functions/index.js changed, reloading triggers"}}
[debug] [2020-12-03T02:59:59.031Z] [worker-pool] Shutting down IDLE worker (~diagnostic~) {"metadata":{"emulator":{"name":"functions"},"message":"[worker-pool] Shutting down IDLE worker (~diagnostic~)"}}
[debug] [2020-12-03T02:59:59.032Z] [worker-~diagnostic~-a258d353-57da-4eed-a74e-a3071b3f2a2d]: FINISHING {"metadata":{"emulator":{"name":"functions"},"message":"[worker-~diagnostic~-a258d353-57da-4eed-a74e-a3071b3f2a2d]: FINISHING"}}
[debug] [2020-12-03T02:59:59.033Z] [worker-pool] Shutting down IDLE worker (api) {"metadata":{"emulator":{"name":"functions"},"message":"[worker-pool] Shutting down IDLE worker (api)"}}
[debug] [2020-12-03T02:59:59.034Z] [worker-api-9d42451c-12a6-49ab-a822-d34a2e9d9559]: FINISHING {"metadata":{"emulator":{"name":"functions"},"message":"[worker-api-9d42451c-12a6-49ab-a822-d34a2e9d9559]: FINISHING"}}
[debug] [2020-12-03T02:59:59.059Z] [worker-pool] addWorker(~diagnostic~) {"metadata":{"emulator":{"name":"functions"},"message":"[worker-pool] addWorker(~diagnostic~)"}}
[debug] [2020-12-03T02:59:59.062Z] [worker-pool] Adding worker with key ~diagnostic~, total=2 {"metadata":{"emulator":{"name":"functions"},"message":"[worker-pool] Adding worker with key ~diagnostic~, total=2"}}
[debug] [2020-12-03T02:59:59.063Z] [worker-pool] submitWork(triggerId=) {"metadata":{"emulator":{"name":"functions"},"message":"[worker-pool] submitWork(triggerId=)"}}
[debug] [2020-12-03T02:59:59.064Z] [worker-~diagnostic~-8427ed18-cdb8-4100-ae1a-cd4d07686e75]: Assigning socketPath: /tmp/fire_emu_5329.sock {"metadata":{"emulator":{"name":"functions"},"message":"[worker-~diagnostic~-8427ed18-cdb8-4100-ae1a-cd4d07686e75]: Assigning socketPath: /tmp/fire_emu_5329.sock"}}
[debug] [2020-12-03T02:59:59.065Z] [worker-~diagnostic~-8427ed18-cdb8-4100-ae1a-cd4d07686e75]: BUSY {"metadata":{"emulator":{"name":"functions"},"message":"[worker-~diagnostic~-8427ed18-cdb8-4100-ae1a-cd4d07686e75]: BUSY"}}
[debug] [2020-12-03T02:59:59.081Z] [worker-~diagnostic~-a258d353-57da-4eed-a74e-a3071b3f2a2d]: exited {"metadata":{"emulator":{"name":"functions"},"message":"[worker-~diagnostic~-a258d353-57da-4eed-a74e-a3071b3f2a2d]: exited"}}
[debug] [2020-12-03T02:59:59.082Z] [worker-~diagnostic~-a258d353-57da-4eed-a74e-a3071b3f2a2d]: FINISHED {"metadata":{"emulator":{"name":"functions"},"message":"[worker-~diagnostic~-a258d353-57da-4eed-a74e-a3071b3f2a2d]: FINISHED"}}
[debug] [2020-12-03T02:59:59.084Z] [worker-api-9d42451c-12a6-49ab-a822-d34a2e9d9559]: exited {"metadata":{"emulator":{"name":"functions"},"message":"[worker-api-9d42451c-12a6-49ab-a822-d34a2e9d9559]: exited"}}
[debug] [2020-12-03T02:59:59.085Z] [worker-api-9d42451c-12a6-49ab-a822-d34a2e9d9559]: FINISHED {"metadata":{"emulator":{"name":"functions"},"message":"[worker-api-9d42451c-12a6-49ab-a822-d34a2e9d9559]: FINISHED"}}
[debug] [2020-12-03T03:00:21.192Z] [runtime-status] [5329] Functions runtime initialized. {"cwd":"/media/azox/CodesAndProjects1/React/my-work/be-bookaholic/functions","node_version":"14.15.1"} {"metadata":{"emulator":{"name":"functions"},"message":"[runtime-status] [5329] Functions runtime initialized. {\"cwd\":\"/media/azox/CodesAndProjects1/React/my-work/be-bookaholic/functions\",\"node_version\":\"14.15.1\"}"}}
[debug] [2020-12-03T03:00:21.197Z] [runtime-status] [5329] Disabled runtime features: undefined {"metadata":{"emulator":{"name":"functions"},"message":"[runtime-status] [5329] Disabled runtime features: undefined"}}
[debug] [2020-12-03T03:00:21.563Z] [runtime-status] [5329] Resolved module firebase-admin {"declared":true,"installed":true,"version":"8.13.0","resolution":"/media/azox/CodesAndProjects1/React/my-work/be-bookaholic/functions/node_modules/firebase-admin/lib/index.js"} {"metadata":{"emulator":{"name":"functions"},"message":"[runtime-status] [5329] Resolved module firebase-admin {\"declared\":true,\"installed\":true,\"version\":\"8.13.0\",\"resolution\":\"/media/azox/CodesAndProjects1/React/my-work/be-bookaholic/functions/node_modules/firebase-admin/lib/index.js\"}"}}
[debug] [2020-12-03T03:00:21.705Z] [runtime-status] [5329] Resolved module firebase-functions {"declared":true,"installed":true,"version":"3.12.0","resolution":"/media/azox/CodesAndProjects1/React/my-work/be-bookaholic/functions/node_modules/firebase-functions/lib/index.js"} {"metadata":{"emulator":{"name":"functions"},"message":"[runtime-status] [5329] Resolved module firebase-functions {\"declared\":true,\"installed\":true,\"version\":\"3.12.0\",\"resolution\":\"/media/azox/CodesAndProjects1/React/my-work/be-bookaholic/functions/node_modules/firebase-functions/lib/index.js\"}"}}
[debug] [2020-12-03T03:00:21.770Z] [runtime-status] [5329] Resolved module firebase-functions {"declared":true,"installed":true,"version":"3.12.0","resolution":"/media/azox/CodesAndProjects1/React/my-work/be-bookaholic/functions/node_modules/firebase-functions/lib/index.js"} {"metadata":{"emulator":{"name":"functions"},"message":"[runtime-status] [5329] Resolved module firebase-functions {\"declared\":true,\"installed\":true,\"version\":\"3.12.0\",\"resolution\":\"/media/azox/CodesAndProjects1/React/my-work/be-bookaholic/functions/node_modules/firebase-functions/lib/index.js\"}"}}
[debug] [2020-12-03T03:00:21.780Z] [runtime-status] [5329] Outgoing network have been stubbed. [{"name":"http","status":"mocked"},{"name":"http","status":"mocked"},{"name":"https","status":"mocked"},{"name":"https","status":"mocked"},{"name":"net","status":"mocked"}] {"metadata":{"emulator":{"name":"functions"},"message":"[runtime-status] [5329] Outgoing network have been stubbed. [{\"name\":\"http\",\"status\":\"mocked\"},{\"name\":\"http\",\"status\":\"mocked\"},{\"name\":\"https\",\"status\":\"mocked\"},{\"name\":\"https\",\"status\":\"mocked\"},{\"name\":\"net\",\"status\":\"mocked\"}]"}}
[debug] [2020-12-03T03:00:21.783Z] [runtime-status] [5329] Resolved module firebase-functions {"declared":true,"installed":true,"version":"3.12.0","resolution":"/media/azox/CodesAndProjects1/React/my-work/be-bookaholic/functions/node_modules/firebase-functions/lib/index.js"} {"metadata":{"emulator":{"name":"functions"},"message":"[runtime-status] [5329] Resolved module firebase-functions {\"declared\":true,\"installed\":true,\"version\":\"3.12.0\",\"resolution\":\"/media/azox/CodesAndProjects1/React/my-work/be-bookaholic/functions/node_modules/firebase-functions/lib/index.js\"}"}}
[debug] [2020-12-03T03:00:24.345Z] [runtime-status] [5329] Checked functions.config() {"config":{}} {"metadata":{"emulator":{"name":"functions"},"message":"[runtime-status] [5329] Checked functions.config() {\"config\":{}}"}}
[debug] [2020-12-03T03:00:24.347Z] [runtime-status] [5329] firebase-functions has been stubbed. {"functionsResolution":{"declared":true,"installed":true,"version":"3.12.0","resolution":"/media/azox/CodesAndProjects1/React/my-work/be-bookaholic/functions/node_modules/firebase-functions/lib/index.js"}} {"metadata":{"emulator":{"name":"functions"},"message":"[runtime-status] [5329] firebase-functions has been stubbed. {\"functionsResolution\":{\"declared\":true,\"installed\":true,\"version\":\"3.12.0\",\"resolution\":\"/media/azox/CodesAndProjects1/React/my-work/be-bookaholic/functions/node_modules/firebase-functions/lib/index.js\"}}"}}
[debug] [2020-12-03T03:00:24.351Z] [runtime-status] [5329] Resolved module firebase-functions {"declared":true,"installed":true,"version":"3.12.0","resolution":"/media/azox/CodesAndProjects1/React/my-work/be-bookaholic/functions/node_modules/firebase-functions/lib/index.js"} {"metadata":{"emulator":{"name":"functions"},"message":"[runtime-status] [5329] Resolved module firebase-functions {\"declared\":true,\"installed\":true,\"version\":\"3.12.0\",\"resolution\":\"/media/azox/CodesAndProjects1/React/my-work/be-bookaholic/functions/node_modules/firebase-functions/lib/index.js\"}"}}
[debug] [2020-12-03T03:00:24.357Z] [runtime-status] [5329] Resolved module firebase-admin {"declared":true,"installed":true,"version":"8.13.0","resolution":"/media/azox/CodesAndProjects1/React/my-work/be-bookaholic/functions/node_modules/firebase-admin/lib/index.js"} {"metadata":{"emulator":{"name":"functions"},"message":"[runtime-status] [5329] Resolved module firebase-admin {\"declared\":true,\"installed\":true,\"version\":\"8.13.0\",\"resolution\":\"/media/azox/CodesAndProjects1/React/my-work/be-bookaholic/functions/node_modules/firebase-admin/lib/index.js\"}"}}
[debug] [2020-12-03T03:00:24.363Z] [runtime-status] [5329] Resolved module firebase-functions {"declared":true,"installed":true,"version":"3.12.0","resolution":"/media/azox/CodesAndProjects1/React/my-work/be-bookaholic/functions/node_modules/firebase-functions/lib/index.js"} {"metadata":{"emulator":{"name":"functions"},"message":"[runtime-status] [5329] Resolved module firebase-functions {\"declared\":true,\"installed\":true,\"version\":\"3.12.0\",\"resolution\":\"/media/azox/CodesAndProjects1/React/my-work/be-bookaholic/functions/node_modules/firebase-functions/lib/index.js\"}"}}
[debug] [2020-12-03T03:00:24.371Z] [runtime-status] [5329] firebase-admin has been stubbed. {"adminResolution":{"declared":true,"installed":true,"version":"8.13.0","resolution":"/media/azox/CodesAndProjects1/React/my-work/be-bookaholic/functions/node_modules/firebase-admin/lib/index.js"}} {"metadata":{"emulator":{"name":"functions"},"message":"[runtime-status] [5329] firebase-admin has been stubbed. {\"adminResolution\":{\"declared\":true,\"installed\":true,\"version\":\"8.13.0\",\"resolution\":\"/media/azox/CodesAndProjects1/React/my-work/be-bookaholic/functions/node_modules/firebase-admin/lib/index.js\"}}"}}
[debug] [2020-12-03T03:00:26.194Z] [work-queue] {"queueLength":1,"workRunningCount":0}
[debug] [2020-12-03T03:00:26.195Z] [work-queue] {"queueLength":0,"workRunningCount":1}
[debug] [2020-12-03T03:00:26.195Z] Accepted request POST /br-bookaholic/us-central1/api/payments/create?total=98800 --> api
[debug] [2020-12-03T03:00:26.196Z] [worker-pool] Cleaned up workers for ~diagnostic~: 2 --> 1 {"metadata":{"emulator":{"name":"functions"},"message":"[worker-pool] Cleaned up workers for ~diagnostic~: 2 --> 1"}}
[debug] [2020-12-03T03:00:26.196Z] [worker-pool] Cleaned up workers for api: 1 --> 0 {"metadata":{"emulator":{"name":"functions"},"message":"[worker-pool] Cleaned up workers for api: 1 --> 0"}}
[debug] [2020-12-03T03:00:26.208Z] [worker-pool] addWorker(api) {"metadata":{"emulator":{"name":"functions"},"message":"[worker-pool] addWorker(api)"}}
[debug] [2020-12-03T03:00:26.209Z] [worker-pool] Adding worker with key api, total=1 {"metadata":{"emulator":{"name":"functions"},"message":"[worker-pool] Adding worker with key api, total=1"}}
[debug] [2020-12-03T03:00:26.209Z] [worker-pool] submitWork(triggerId=api) {"metadata":{"emulator":{"name":"functions"},"message":"[worker-pool] submitWork(triggerId=api)"}}
[debug] [2020-12-03T03:00:26.209Z] [worker-api-15252ea5-32f3-43be-b71a-25a9c062a757]: Assigning socketPath: /tmp/fire_emu_5359.sock {"metadata":{"emulator":{"name":"functions"},"message":"[worker-api-15252ea5-32f3-43be-b71a-25a9c062a757]: Assigning socketPath: /tmp/fire_emu_5359.sock"}}
[debug] [2020-12-03T03:00:26.209Z] [worker-api-15252ea5-32f3-43be-b71a-25a9c062a757]: BUSY {"metadata":{"emulator":{"name":"functions"},"message":"[worker-api-15252ea5-32f3-43be-b71a-25a9c062a757]: BUSY"}}
[debug] [2020-12-03T03:00:27.051Z] [runtime-status] [5359] Functions runtime initialized. {"cwd":"/media/azox/CodesAndProjects1/React/my-work/be-bookaholic/functions","node_version":"14.15.1"} {"metadata":{"emulator":{"name":"functions"},"function":{"name":"api"},"message":"[runtime-status] [5359] Functions runtime initialized. {\"cwd\":\"/media/azox/CodesAndProjects1/React/my-work/be-bookaholic/functions\",\"node_version\":\"14.15.1\"}"}}
[debug] [2020-12-03T03:00:27.055Z] [runtime-status] [5359] Disabled runtime features: undefined {"metadata":{"emulator":{"name":"functions"},"function":{"name":"api"},"message":"[runtime-status] [5359] Disabled runtime features: undefined"}}
[debug] [2020-12-03T03:00:27.060Z] [runtime-status] [5359] Resolved module firebase-admin {"declared":true,"installed":true,"version":"8.13.0","resolution":"/media/azox/CodesAndProjects1/React/my-work/be-bookaholic/functions/node_modules/firebase-admin/lib/index.js"} {"metadata":{"emulator":{"name":"functions"},"function":{"name":"api"},"message":"[runtime-status] [5359] Resolved module firebase-admin {\"declared\":true,\"installed\":true,\"version\":\"8.13.0\",\"resolution\":\"/media/azox/CodesAndProjects1/React/my-work/be-bookaholic/functions/node_modules/firebase-admin/lib/index.js\"}"}}
[debug] [2020-12-03T03:00:27.062Z] [runtime-status] [5359] Resolved module firebase-functions {"declared":true,"installed":true,"version":"3.12.0","resolution":"/media/azox/CodesAndProjects1/React/my-work/be-bookaholic/functions/node_modules/firebase-functions/lib/index.js"} {"metadata":{"emulator":{"name":"functions"},"function":{"name":"api"},"message":"[runtime-status] [5359] Resolved module firebase-functions {\"declared\":true,\"installed\":true,\"version\":\"3.12.0\",\"resolution\":\"/media/azox/CodesAndProjects1/React/my-work/be-bookaholic/functions/node_modules/firebase-functions/lib/index.js\"}"}}
[debug] [2020-12-03T03:00:27.068Z] [runtime-status] [5359] Resolved module firebase-functions {"declared":true,"installed":true,"version":"3.12.0","resolution":"/media/azox/CodesAndProjects1/React/my-work/be-bookaholic/functions/node_modules/firebase-functions/lib/index.js"} {"metadata":{"emulator":{"name":"functions"},"function":{"name":"api"},"message":"[runtime-status] [5359] Resolved module firebase-functions {\"declared\":true,\"installed\":true,\"version\":\"3.12.0\",\"resolution\":\"/media/azox/CodesAndProjects1/React/my-work/be-bookaholic/functions/node_modules/firebase-functions/lib/index.js\"}"}}
[debug] [2020-12-03T03:00:27.069Z] [runtime-status] [5359] Outgoing network have been stubbed. [{"name":"http","status":"mocked"},{"name":"http","status":"mocked"},{"name":"https","status":"mocked"},{"name":"https","status":"mocked"},{"name":"net","status":"mocked"}] {"metadata":{"emulator":{"name":"functions"},"function":{"name":"api"},"message":"[runtime-status] [5359] Outgoing network have been stubbed. [{\"name\":\"http\",\"status\":\"mocked\"},{\"name\":\"http\",\"status\":\"mocked\"},{\"name\":\"https\",\"status\":\"mocked\"},{\"name\":\"https\",\"status\":\"mocked\"},{\"name\":\"net\",\"status\":\"mocked\"}]"}}
[debug] [2020-12-03T03:00:27.069Z] [runtime-status] [5359] Resolved module firebase-functions {"declared":true,"installed":true,"version":"3.12.0","resolution":"/media/azox/CodesAndProjects1/React/my-work/be-bookaholic/functions/node_modules/firebase-functions/lib/index.js"} {"metadata":{"emulator":{"name":"functions"},"function":{"name":"api"},"message":"[runtime-status] [5359] Resolved module firebase-functions {\"declared\":true,\"installed\":true,\"version\":\"3.12.0\",\"resolution\":\"/media/azox/CodesAndProjects1/React/my-work/be-bookaholic/functions/node_modules/firebase-functions/lib/index.js\"}"}}
[debug] [2020-12-03T03:00:27.125Z] [runtime-status] [5359] Checked functions.config() {"config":{}} {"metadata":{"emulator":{"name":"functions"},"function":{"name":"api"},"message":"[runtime-status] [5359] Checked functions.config() {\"config\":{}}"}}
[debug] [2020-12-03T03:00:27.125Z] [runtime-status] [5359] firebase-functions has been stubbed. {"functionsResolution":{"declared":true,"installed":true,"version":"3.12.0","resolution":"/media/azox/CodesAndProjects1/React/my-work/be-bookaholic/functions/node_modules/firebase-functions/lib/index.js"}} {"metadata":{"emulator":{"name":"functions"},"function":{"name":"api"},"message":"[runtime-status] [5359] firebase-functions has been stubbed. {\"functionsResolution\":{\"declared\":true,\"installed\":true,\"version\":\"3.12.0\",\"resolution\":\"/media/azox/CodesAndProjects1/React/my-work/be-bookaholic/functions/node_modules/firebase-functions/lib/index.js\"}}"}}
[debug] [2020-12-03T03:00:27.126Z] [runtime-status] [5359] Resolved module firebase-functions {"declared":true,"installed":true,"version":"3.12.0","resolution":"/media/azox/CodesAndProjects1/React/my-work/be-bookaholic/functions/node_modules/firebase-functions/lib/index.js"} {"metadata":{"emulator":{"name":"functions"},"function":{"name":"api"},"message":"[runtime-status] [5359] Resolved module firebase-functions {\"declared\":true,\"installed\":true,\"version\":\"3.12.0\",\"resolution\":\"/media/azox/CodesAndProjects1/React/my-work/be-bookaholic/functions/node_modules/firebase-functions/lib/index.js\"}"}}
[debug] [2020-12-03T03:00:27.127Z] [runtime-status] [5359] Resolved module firebase-admin {"declared":true,"installed":true,"version":"8.13.0","resolution":"/media/azox/CodesAndProjects1/React/my-work/be-bookaholic/functions/node_modules/firebase-admin/lib/index.js"} {"metadata":{"emulator":{"name":"functions"},"function":{"name":"api"},"message":"[runtime-status] [5359] Resolved module firebase-admin {\"declared\":true,\"installed\":true,\"version\":\"8.13.0\",\"resolution\":\"/media/azox/CodesAndProjects1/React/my-work/be-bookaholic/functions/node_modules/firebase-admin/lib/index.js\"}"}}
[debug] [2020-12-03T03:00:27.129Z] [runtime-status] [5359] Resolved module firebase-functions {"declared":true,"installed":true,"version":"3.12.0","resolution":"/media/azox/CodesAndProjects1/React/my-work/be-bookaholic/functions/node_modules/firebase-functions/lib/index.js"} {"metadata":{"emulator":{"name":"functions"},"function":{"name":"api"},"message":"[runtime-status] [5359] Resolved module firebase-functions {\"declared\":true,\"installed\":true,\"version\":\"3.12.0\",\"resolution\":\"/media/azox/CodesAndProjects1/React/my-work/be-bookaholic/functions/node_modules/firebase-functions/lib/index.js\"}"}}
[debug] [2020-12-03T03:00:27.129Z] [runtime-status] [5359] firebase-admin has been stubbed. {"adminResolution":{"declared":true,"installed":true,"version":"8.13.0","resolution":"/media/azox/CodesAndProjects1/React/my-work/be-bookaholic/functions/node_modules/firebase-admin/lib/index.js"}} {"metadata":{"emulator":{"name":"functions"},"function":{"name":"api"},"message":"[runtime-status] [5359] firebase-admin has been stubbed. {\"adminResolution\":{\"declared\":true,\"installed\":true,\"version\":\"8.13.0\",\"resolution\":\"/media/azox/CodesAndProjects1/React/my-work/be-bookaholic/functions/node_modules/firebase-admin/lib/index.js\"}}"}}
[debug] [2020-12-03T03:00:43.854Z] [worker-~diagnostic~-8427ed18-cdb8-4100-ae1a-cd4d07686e75]: IDLE {"metadata":{"emulator":{"name":"functions"},"message":"[worker-~diagnostic~-8427ed18-cdb8-4100-ae1a-cd4d07686e75]: IDLE"}}
[debug] [2020-12-03T03:00:43.856Z] [runtime-status] [5359] Trigger "api" has been found, beginning invocation! {"metadata":{"emulator":{"name":"functions"},"function":{"name":"api"},"message":"[runtime-status] [5359] Trigger \"api\" has been found, beginning invocation!"}}
[info] i  functions: Beginning execution of "api" {"metadata":{"emulator":{"name":"functions"},"function":{"name":"api"},"message":"Beginning execution of \"api\""}}
[debug] [2020-12-03T03:00:43.868Z] [runtime-status] [5359] triggerDefinition {"httpsTrigger":{},"name":"api","entryPoint":"api"} {"metadata":{"emulator":{"name":"functions"},"function":{"name":"api"},"message":"[runtime-status] [5359] triggerDefinition {\"httpsTrigger\":{},\"name\":\"api\",\"entryPoint\":\"api\"}"}}
[debug] [2020-12-03T03:00:43.869Z] [runtime-status] [5359] Running api in mode HTTPS {"metadata":{"emulator":{"name":"functions"},"function":{"name":"api"},"message":"[runtime-status] [5359] Running api in mode HTTPS"}}
[debug] [2020-12-03T03:00:43.895Z] [runtime-status] [5359] Attempting to listen to socketPath: /tmp/fire_emu_5359.sock {"metadata":{"emulator":{"name":"functions"},"function":{"name":"api"},"message":"[runtime-status] [5359] Attempting to listen to socketPath: /tmp/fire_emu_5359.sock"}}
[debug] [2020-12-03T03:00:44.030Z] [functions] Runtime ready! Sending request! {"metadata":{"emulator":{"name":"functions"},"message":"[functions] Runtime ready! Sending request!"}}
[debug] [2020-12-03T03:00:44.334Z] [runtime-status] [5359] Ephemeral server handling POST request {"metadata":{"emulator":{"name":"functions"},"function":{"name":"api"},"message":"[runtime-status] [5359] Ephemeral server handling POST request"}}
[info] >  Payment request recieved  98800 {"user":"Payment request recieved  98800","metadata":{"emulator":{"name":"functions"},"function":{"name":"api"},"message":"\u001b[90m> \u001b[39m Payment request recieved  98800"}}
[debug] [2020-12-03T03:00:44.466Z] [runtime-status] [5359] Ephemeral server survived. {"metadata":{"emulator":{"name":"functions"},"function":{"name":"api"},"message":"[runtime-status] [5359] Ephemeral server survived."}}
[info] i  functions: Finished "api" in ~2s {"metadata":{"emulator":{"name":"functions"},"function":{"name":"api"},"message":"Finished \"api\" in ~2s"}}
[debug] [2020-12-03T03:00:46.038Z] [worker-api-15252ea5-32f3-43be-b71a-25a9c062a757]: IDLE {"metadata":{"emulator":{"name":"functions"},"message":"[worker-api-15252ea5-32f3-43be-b71a-25a9c062a757]: IDLE"}}
[debug] [2020-12-03T03:00:46.039Z] [work-queue] {"queueLength":0,"workRunningCount":0}
[debug] [2020-12-03T03:00:46.956Z] [work-queue] {"queueLength":1,"workRunningCount":0}
[debug] [2020-12-03T03:00:46.957Z] [work-queue] {"queueLength":0,"workRunningCount":1}
[debug] [2020-12-03T03:00:46.957Z] Accepted request POST /br-bookaholic/us-central1/api/payments/create?total=53800 --> api
[debug] [2020-12-03T03:00:46.957Z] [worker-pool] submitWork(triggerId=api) {"metadata":{"emulator":{"name":"functions"},"message":"[worker-pool] submitWork(triggerId=api)"}}
[debug] [2020-12-03T03:00:46.958Z] [worker-api-15252ea5-32f3-43be-b71a-25a9c062a757]: Assigning socketPath: /tmp/fire_emu_5359.sock {"metadata":{"emulator":{"name":"functions"},"message":"[worker-api-15252ea5-32f3-43be-b71a-25a9c062a757]: Assigning socketPath: /tmp/fire_emu_5359.sock"}}
[debug] [2020-12-03T03:00:46.958Z] [worker-api-15252ea5-32f3-43be-b71a-25a9c062a757]: BUSY {"metadata":{"emulator":{"name":"functions"},"message":"[worker-api-15252ea5-32f3-43be-b71a-25a9c062a757]: BUSY"}}
[debug] [2020-12-03T03:00:46.961Z] [runtime-status] [5359] Trigger "api" has been found, beginning invocation! {"metadata":{"emulator":{"name":"functions"},"function":{"name":"api"},"message":"[runtime-status] [5359] Trigger \"api\" has been found, beginning invocation!"}}
[info] i  functions: Beginning execution of "api" {"metadata":{"emulator":{"name":"functions"},"function":{"name":"api"},"message":"Beginning execution of \"api\""}}
[debug] [2020-12-03T03:00:46.962Z] [runtime-status] [5359] triggerDefinition {"httpsTrigger":{},"name":"api","entryPoint":"api"} {"metadata":{"emulator":{"name":"functions"},"function":{"name":"api"},"message":"[runtime-status] [5359] triggerDefinition {\"httpsTrigger\":{},\"name\":\"api\",\"entryPoint\":\"api\"}"}}
[debug] [2020-12-03T03:00:46.962Z] [runtime-status] [5359] Running api in mode HTTPS {"metadata":{"emulator":{"name":"functions"},"function":{"name":"api"},"message":"[runtime-status] [5359] Running api in mode HTTPS"}}
[debug] [2020-12-03T03:00:46.963Z] [runtime-status] [5359] Attempting to listen to socketPath: /tmp/fire_emu_5359.sock {"metadata":{"emulator":{"name":"functions"},"function":{"name":"api"},"message":"[runtime-status] [5359] Attempting to listen to socketPath: /tmp/fire_emu_5359.sock"}}
[debug] [2020-12-03T03:00:46.965Z] [functions] Runtime ready! Sending request! {"metadata":{"emulator":{"name":"functions"},"message":"[functions] Runtime ready! Sending request!"}}
[debug] [2020-12-03T03:00:46.979Z] [runtime-status] [5359] Ephemeral server handling POST request {"metadata":{"emulator":{"name":"functions"},"function":{"name":"api"},"message":"[runtime-status] [5359] Ephemeral server handling POST request"}}
[debug] [2020-12-03T03:00:46.979Z] [runtime-status] [5359] Ephemeral server survived. {"metadata":{"emulator":{"name":"functions"},"function":{"name":"api"},"message":"[runtime-status] [5359] Ephemeral server survived."}}
[info] >  Payment request recieved  53800 {"user":"Payment request recieved  53800","metadata":{"emulator":{"name":"functions"},"function":{"name":"api"},"message":"\u001b[90m> \u001b[39m Payment request recieved  53800"}}
[info] i  functions: Finished "api" in ~1s {"metadata":{"emulator":{"name":"functions"},"function":{"name":"api"},"message":"Finished \"api\" in ~1s"}}
[debug] [2020-12-03T03:00:47.407Z] [worker-api-15252ea5-32f3-43be-b71a-25a9c062a757]: IDLE {"metadata":{"emulator":{"name":"functions"},"message":"[worker-api-15252ea5-32f3-43be-b71a-25a9c062a757]: IDLE"}}
[debug] [2020-12-03T03:00:47.408Z] [work-queue] {"queueLength":0,"workRunningCount":0}
[debug] [2020-12-03T03:02:12.732Z] [work-queue] {"queueLength":1,"workRunningCount":0}
[debug] [2020-12-03T03:02:12.732Z] [work-queue] {"queueLength":0,"workRunningCount":1}
[debug] [2020-12-03T03:02:12.732Z] Accepted request POST /br-bookaholic/us-central1/api/payments/create?total=95000 --> api
[debug] [2020-12-03T03:02:12.732Z] [worker-pool] submitWork(triggerId=api) {"metadata":{"emulator":{"name":"functions"},"message":"[worker-pool] submitWork(triggerId=api)"}}
[debug] [2020-12-03T03:02:12.733Z] [worker-api-15252ea5-32f3-43be-b71a-25a9c062a757]: Assigning socketPath: /tmp/fire_emu_5359.sock {"metadata":{"emulator":{"name":"functions"},"message":"[worker-api-15252ea5-32f3-43be-b71a-25a9c062a757]: Assigning socketPath: /tmp/fire_emu_5359.sock"}}
[debug] [2020-12-03T03:02:12.733Z] [worker-api-15252ea5-32f3-43be-b71a-25a9c062a757]: BUSY {"metadata":{"emulator":{"name":"functions"},"message":"[worker-api-15252ea5-32f3-43be-b71a-25a9c062a757]: BUSY"}}
[debug] [2020-12-03T03:02:12.733Z] [runtime-status] [5359] Trigger "api" has been found, beginning invocation! {"metadata":{"emulator":{"name":"functions"},"function":{"name":"api"},"message":"[runtime-status] [5359] Trigger \"api\" has been found, beginning invocation!"}}
[info] i  functions: Beginning execution of "api" {"metadata":{"emulator":{"name":"functions"},"function":{"name":"api"},"message":"Beginning execution of \"api\""}}
[debug] [2020-12-03T03:02:12.734Z] [runtime-status] [5359] triggerDefinition {"httpsTrigger":{},"name":"api","entryPoint":"api"} {"metadata":{"emulator":{"name":"functions"},"function":{"name":"api"},"message":"[runtime-status] [5359] triggerDefinition {\"httpsTrigger\":{},\"name\":\"api\",\"entryPoint\":\"api\"}"}}
[debug] [2020-12-03T03:02:12.734Z] [runtime-status] [5359] Running api in mode HTTPS {"metadata":{"emulator":{"name":"functions"},"function":{"name":"api"},"message":"[runtime-status] [5359] Running api in mode HTTPS"}}
[debug] [2020-12-03T03:02:12.735Z] [runtime-status] [5359] Attempting to listen to socketPath: /tmp/fire_emu_5359.sock {"metadata":{"emulator":{"name":"functions"},"function":{"name":"api"},"message":"[runtime-status] [5359] Attempting to listen to socketPath: /tmp/fire_emu_5359.sock"}}
[debug] [2020-12-03T03:02:13.117Z] [functions] Runtime ready! Sending request! {"metadata":{"emulator":{"name":"functions"},"message":"[functions] Runtime ready! Sending request!"}}
[debug] [2020-12-03T03:02:13.128Z] [runtime-status] [5359] Ephemeral server handling POST request {"metadata":{"emulator":{"name":"functions"},"function":{"name":"api"},"message":"[runtime-status] [5359] Ephemeral server handling POST request"}}
[info] >  Payment request recieved  95000 {"user":"Payment request recieved  95000","metadata":{"emulator":{"name":"functions"},"function":{"name":"api"},"message":"\u001b[90m> \u001b[39m Payment request recieved  95000"}}
[debug] [2020-12-03T03:02:13.165Z] [runtime-status] [5359] Ephemeral server survived. {"metadata":{"emulator":{"name":"functions"},"function":{"name":"api"},"message":"[runtime-status] [5359] Ephemeral server survived."}}
[info] i  functions: Finished "api" in ~1s {"metadata":{"emulator":{"name":"functions"},"function":{"name":"api"},"message":"Finished \"api\" in ~1s"}}
[debug] [2020-12-03T03:02:13.782Z] [worker-api-15252ea5-32f3-43be-b71a-25a9c062a757]: IDLE {"metadata":{"emulator":{"name":"functions"},"message":"[worker-api-15252ea5-32f3-43be-b71a-25a9c062a757]: IDLE"}}
[debug] [2020-12-03T03:02:13.783Z] [work-queue] {"queueLength":0,"workRunningCount":0}
